===========================
text: notturno
backColor: Chocolate
font_selected: Algerian
TextAlign: TopCenter
strColor: Beige
savename: notturno2.png
===========================
text: Scienza
backColor: MediumAquamarine
font_selected: Magneto
TextAlign: BottomCenter
strColor: SlateGray
savename: Scienza4.png
===========================
text: ribattuta!
backColor: Purple
font_selected: Segoe Script
TextAlign: BottomCenter
strColor: DarkSalmon
savename: ribattuta!3.png
===========================
text: Attraversamento
backColor: MediumSpringGreen
font_selected: Goudy Stout
TextAlign: BottomRight
strColor: WhiteSmoke
savename: Attraversamento1.png
===========================
text: Beduino
backColor: Yellow
font_selected: Jokerman
TextAlign: TopCenter
strColor: LightYellow
savename: Beduino2.png
===========================
text: Lungimiranza.
backColor: DarkSeaGreen
font_selected: Bodoni MT Black
TextAlign: BottomLeft
strColor: BurlyWood
savename: Lungimiranza3.png
===========================
text: Mens sana in corpore sano.
backColor: DarkSeaGreen
font_selected: Bahnschrift Light Condensed
TextAlign: BottomCenter
strColor: Brown
savename: Mens2.png
===========================
text: Scienze Positiva.
backColor: NavajoWhite
font_selected: Century Gothic
TextAlign: MiddleLeft
strColor: Crimson
savename: Scienze4.png
===========================
text: Mondo e fatto a scale.
backColor: SeaShell
font_selected: Times New Roman
TextAlign: TopCenter
strColor: Peru
savename: Mondo4.png
===========================
text: Bengodi..
backColor: Maroon
font_selected: Felix Titling
TextAlign: MiddleCenter
strColor: LightCoral
savename: Bengodi1.png
===========================
text: Lungimiranza.
backColor: SandyBrown
font_selected: Copperplate Gothic Bold
TextAlign: TopLeft
strColor: MediumBlue
savename: Lungimiranza4.png
===========================
text: eidomatica
backColor: Linen
font_selected: Leelawadee UI Semilight
TextAlign: BottomLeft
strColor: Snow
savename: eidomatica4.png
===========================
text: Benamato.
backColor: MediumTurquoise
font_selected: Ostrich Sans Bold
TextAlign: BottomLeft
strColor: BlueViolet
savename: Benamato4.png
===========================
text: Lungimiranza.
backColor: Moccasin
font_selected: HGS明朝B
TextAlign: MiddleLeft
strColor: SkyBlue
savename: Lungimiranza5.png
===========================
text: Battito
backColor: Linen
font_selected: Choplin ExtraLight-DEMO
TextAlign: BottomRight
strColor: Lime
savename: Battito6.png
===========================
text: Classicismo
backColor: LightSteelBlue
font_selected: 游明朝 Light
TextAlign: TopLeft
strColor: DarkBlue
savename: Classicismo3.png
===========================
text: Lungimiranza.
backColor: Teal
font_selected: HGS明朝E
TextAlign: TopCenter
strColor: FloralWhite
savename: Lungimiranza6.png
===========================
text: Poeticita.
backColor: Ivory
===========================
text: Scienza
backColor: CornflowerBlue
===========================
text: Poeticita.
backColor: MediumVioletRed
===========================
text: Mens sana in corpore sano.
backColor: Orange
===========================
text: Battito
backColor: Tomato
===========================
text: Benamato.
backColor: DeepSkyBlue
===========================
text: Frontiera
backColor: MediumOrchid
===========================
text: Possibilita
backColor: DeepPink
===========================
text: idea fissa
backColor: Turquoise
font_selected: 
TextAlign: MiddleLeft
strColor: ForestGreen
===========================
text: Vincere!
backColor: DarkSalmon
font_selected: 
TextAlign: MiddleCenter
strColor: Silver
savename: Vincere!5.png
===========================
text: Attraversamento
backColor: PapayaWhip
font_selected: 
TextAlign: MiddleCenter
strColor: Chartreuse
savename: Attraversamento3.png
===========================
text: Ragioneria di Roma
backColor: PapayaWhip
font_selected: 
TextAlign: BottomLeft
strColor: GreenYellow
===========================
text: Scientifico.
backColor: LightGray
font_selected: 
TextAlign: BottomRight
strColor: MediumSeaGreen
savename: q
===========================
text: Lungimiranza.
backColor: Silver
font_selected: 
TextAlign: TopCenter
strColor: MidnightBlue
===========================
text: Estate di San Martimo
backColor: Coral
font_selected: Epicgant
TextAlign: TopCenter
strColor: Magenta
savename: Estate3.png
===========================
text: Mantova
backColor: Tomato
font_selected: Monotype Corsiva
TextAlign: BottomRight
strColor: MediumPurple
savename: Mantova2.png
===========================
text: Mantova
backColor: Black
font_selected: High Tower Text
TextAlign: TopCenter
strColor: Cyan
savename: Mantova4.png
===========================
text: Classicismo
backColor: Goldenrod
font_selected: Edwardian Script ITC
TextAlign: MiddleRight
strColor: MediumSeaGreen
savename: Classicismo4.png
===========================
text: Brillante
backColor: Blue
font_selected: Rockwell
TextAlign: BottomLeft
strColor: DarkKhaki
savename: Brillante6.png
===========================
text: Quintessenza
backColor: BlanchedAlmond
font_selected: Haettenschweiler
TextAlign: TopLeft
strColor: Linen
savename: Quintessenza1.png
===========================
text: Quintessenza
backColor: Crimson
font_selected: Phenomena ExtraBold
TextAlign: TopCenter
strColor: SeaShell
savename: Quintessenza2.png
===========================
text: universale
backColor: Teal
font_selected: NSimSun
TextAlign: MiddleLeft
strColor: Tomato
savename: universale3.png
===========================
text: effettivita
backColor: Pink
font_selected: Informal Roman
TextAlign: BottomLeft
strColor: LightCoral
savename: effettivita9.png
===========================
text: Scienze Positiva.
backColor: Thistle
font_selected: Calluna
TextAlign: BottomRight
strColor: PaleGreen
savename:  Scienze_Positiva2.png
===========================
text: Lago Posadas
backColor: RoyalBlue
font_selected: Corbel Light
TextAlign: BottomLeft
strColor: MediumBlue
savename: LagoPosadas1.png
===========================
text: Washington
backColor: DarkGray
font_selected: Cascadia Code
TextAlign: MiddleCenter
strColor: AliceBlue
savename: Washington1.png
===========================
text: Nova Golega
backColor: Sienna
font_selected: Butler Stencil
TextAlign: TopCenter
strColor: Gainsboro
savename: NovaGolega1.png
===========================
text: Prague
backColor: Aquamarine
font_selected: Corbel
TextAlign: BottomRight
strColor: LightSalmon
savename: Prague1.png
===========================
text: Washington
backColor: Teal
font_selected: 游ゴシック Medium
TextAlign: TopCenter
strColor: Tomato
savename: Washington2.png
===========================
text: Prague
backColor: Navy
font_selected: Ailerons
TextAlign: MiddleCenter
strColor: MediumSlateBlue
savename: Prague2.png
===========================
text: Bertie County
backColor: PapayaWhip
font_selected: Epicgant
TextAlign: TopLeft
strColor: DarkSalmon
savename: BertieCounty1.png
===========================
text: Bertie County
backColor: BlanchedAlmond
font_selected: HG創英ﾌﾟﾚｾﾞﾝｽEB
TextAlign: TopLeft
strColor: Plum
savename: BertieCounty2.png
===========================
text: Queenstown, Newzealand.
backColor: LavenderBlush
font_selected: Oranienbaum
TextAlign: MiddleRight
strColor: Gold
savename: Queenstown1.png
===========================
text: Washington
backColor: OrangeRed
font_selected: Microsoft YaHei
TextAlign: MiddleRight
strColor: MediumSpringGreen
savename: Washington3.png
===========================
text: Akmola Province
backColor: BlanchedAlmond
font_selected: Old English Text MT
TextAlign: MiddleLeft
strColor: Coral
savename: AkmolaProvince1.png
===========================
text: Lago Posadas
backColor: Cornsilk
font_selected: Quint Uppercase
TextAlign: BottomLeft
strColor: LemonChiffon
savename: LagoPosadas1.png
===========================
text: Washington
backColor: Beige
font_selected: Consolas
TextAlign: MiddleCenter
strColor: AntiqueWhite
savename: Washington4.png
===========================
text: Bertie County
backColor: White
font_selected: HG明朝B
TextAlign: MiddleRight
strColor: ForestGreen
savename: BertieCounty3.png
===========================
text: Washington
backColor: DarkSlateBlue
font_selected: Segoe UI Emoji
TextAlign: MiddleLeft
strColor: Wheat
savename: Washington5.png
===========================
text: Prague
backColor: MediumSpringGreen
font_selected: Segoe UI
TextAlign: BottomCenter
strColor: Gray
savename: Prague3.png
===========================
text: Queenstown, Newzealand.
backColor: CadetBlue
font_selected: Malgun Gothic Semilight
TextAlign: TopLeft
strColor: Snow
savename: Queenstown2.png
===========================
text: Washington
backColor: LightBlue
font_selected: ＭＳ 明朝
TextAlign: BottomRight
strColor: MediumVioletRed
savename: Washington6.png
===========================
text: Porto Alegre do Tocantins
backColor: LimeGreen
font_selected: Calibri Light
TextAlign: TopCenter
strColor: LightCyan
savename: PortoAlegre1.png
===========================
text: Queenstown, Newzealand.
backColor: Fuchsia
font_selected: Corbel
TextAlign: TopCenter
strColor: MediumTurquoise
savename: Queenstown3.png
===========================
text: Prague
backColor: ForestGreen
font_selected: Script MT Bold
TextAlign: BottomLeft
strColor: LightCyan
savename: Prague4.png
===========================
text: Queenstown
backColor: SlateBlue
font_selected: Bitter Pro ExtraBold
TextAlign: MiddleCenter
strColor: MediumVioletRed
savename: Queenstown4.png
===========================
text: Machanga
backColor: Wheat
font_selected: Leelawadee UI Semilight
TextAlign: MiddleCenter
strColor: Purple
savename: Machanga1.png
===========================
text: Tral
backColor: SteelBlue
font_selected: Playbill
TextAlign: BottomLeft
strColor: LightSeaGreen
savename: Tral1.png
